[4.201s] Invoking command in '/home/agilex/va_ws/src/va_controller': PYTHONPATH=/home/agilex/va_ws/build/va_controller/prefix_override:/home/agilex/va_ws/install/va_controller/lib/python3.6/site-packages:${PYTHONPATH} /usr/bin/python3 setup.py egg_info --egg-base ../../build/va_controller build --build-base /home/agilex/va_ws/build/va_controller/build install --record /home/agilex/va_ws/build/va_controller/install.log --install-scripts $base/lib/va_controller --single-version-externally-managed
[5.558s] /home/agilex/.local/lib/python3.6/site-packages/setuptools/dist.py:726: UserWarning: Usage of dash-separated 'script-dir' will not be supported in future versions. Please use the underscore name 'script_dir' instead
[5.560s]   % (opt, underscore_opt)
[5.733s] running egg_info
[5.736s] creating ../../build/va_controller/va_controller.egg-info
[5.737s] writing ../../build/va_controller/va_controller.egg-info/PKG-INFO
[5.738s] writing dependency_links to ../../build/va_controller/va_controller.egg-info/dependency_links.txt
[5.739s] writing entry points to ../../build/va_controller/va_controller.egg-info/entry_points.txt
[5.739s] writing requirements to ../../build/va_controller/va_controller.egg-info/requires.txt
[5.739s] writing top-level names to ../../build/va_controller/va_controller.egg-info/top_level.txt
[5.740s] writing manifest file '../../build/va_controller/va_controller.egg-info/SOURCES.txt'
[5.747s] reading manifest file '../../build/va_controller/va_controller.egg-info/SOURCES.txt'
[5.753s] writing manifest file '../../build/va_controller/va_controller.egg-info/SOURCES.txt'
[5.754s] running build
[5.754s] running build_py
[5.755s] creating /home/agilex/va_ws/build/va_controller/build
[5.756s] creating /home/agilex/va_ws/build/va_controller/build/lib
[5.757s] creating /home/agilex/va_ws/build/va_controller/build/lib/va_controller
[5.758s] copying va_controller/__init__.py -> /home/agilex/va_ws/build/va_controller/build/lib/va_controller
[5.759s] copying va_controller/control.py -> /home/agilex/va_ws/build/va_controller/build/lib/va_controller
[5.761s] running install
[5.762s] /home/agilex/.local/lib/python3.6/site-packages/setuptools/command/install.py:37: SetuptoolsDeprecationWarning: setup.py install is deprecated. Use build and pip and other standards-based tools.
[5.762s]   setuptools.SetuptoolsDeprecationWarning,
[5.763s] running install_lib
[5.765s] creating /home/agilex/va_ws/install/va_controller/lib/python3.6/site-packages/va_controller
[5.766s] copying /home/agilex/va_ws/build/va_controller/build/lib/va_controller/__init__.py -> /home/agilex/va_ws/install/va_controller/lib/python3.6/site-packages/va_controller
[5.767s] copying /home/agilex/va_ws/build/va_controller/build/lib/va_controller/control.py -> /home/agilex/va_ws/install/va_controller/lib/python3.6/site-packages/va_controller
[5.768s] byte-compiling /home/agilex/va_ws/install/va_controller/lib/python3.6/site-packages/va_controller/__init__.py to __init__.cpython-36.pyc
[5.771s] byte-compiling /home/agilex/va_ws/install/va_controller/lib/python3.6/site-packages/va_controller/control.py to control.cpython-36.pyc
[5.771s] running install_data
[5.773s] creating /home/agilex/va_ws/install/va_controller/share/ament_index
[5.775s] creating /home/agilex/va_ws/install/va_controller/share/ament_index/resource_index
[5.776s] creating /home/agilex/va_ws/install/va_controller/share/ament_index/resource_index/packages
[5.777s] copying resource/va_controller -> /home/agilex/va_ws/install/va_controller/share/ament_index/resource_index/packages
[5.777s] copying package.xml -> /home/agilex/va_ws/install/va_controller/share/va_controller
[5.778s] running install_egg_info
[5.784s] Copying ../../build/va_controller/va_controller.egg-info to /home/agilex/va_ws/install/va_controller/lib/python3.6/site-packages/va_controller-0.0.0-py3.6.egg-info
[5.788s] running install_scripts
[5.872s] writing list of installed files to '/home/agilex/va_ws/build/va_controller/install.log'
[5.991s] Invoked command in '/home/agilex/va_ws/src/va_controller' returned '0': PYTHONPATH=/home/agilex/va_ws/build/va_controller/prefix_override:/home/agilex/va_ws/install/va_controller/lib/python3.6/site-packages:${PYTHONPATH} /usr/bin/python3 setup.py egg_info --egg-base ../../build/va_controller build --build-base /home/agilex/va_ws/build/va_controller/build install --record /home/agilex/va_ws/build/va_controller/install.log --install-scripts $base/lib/va_controller --single-version-externally-managed
