[1.920s] DEBUG:colcon:Command line arguments: ['/usr/bin/colcon', 'build', '--symlink-install']
[1.921s] DEBUG:colcon:Parsed command line arguments: Namespace(allow_overriding=[], ament_cmake_args=None, base_paths=['.'], build_base='build', catkin_cmake_args=None, catkin_skip_building_tests=False, cmake_args=None, cmake_clean_cache=False, cmake_clean_first=False, cmake_force_configure=False, cmake_target=None, cmake_target_skip_unavailable=False, continue_on_error=False, event_handlers=None, executor='parallel', ignore_user_meta=False, install_base='install', log_base=None, log_level=None, main=<bound method BuildVerb.main of <colcon_core.verb.build.BuildVerb object at 0x7f9f1220f0>>, merge_install=False, metas=['./colcon.meta'], packages_above=None, packages_above_and_dependencies=None, packages_above_depth=None, packages_end=None, packages_ignore=None, packages_ignore_regex=None, packages_select=None, packages_select_build_failed=False, packages_select_by_dep=None, packages_select_regex=None, packages_select_test_failures=False, packages_skip=None, packages_skip_build_finished=False, packages_skip_by_dep=None, packages_skip_regex=None, packages_skip_test_passed=False, packages_skip_up_to=None, packages_start=None, packages_up_to=None, packages_up_to_regex=None, parallel_workers=4, paths=None, symlink_install=True, test_result_base=None, verb_extension=<colcon_core.verb.build.BuildVerb object at 0x7f9f1220f0>, verb_name='build', verb_parser=<colcon_defaults.argument_parser.defaults.DefaultArgumentsDecorator object at 0x7f9f017ac8>)
[2.117s] Level 1:colcon.colcon_core.package_discovery:discover_packages(colcon_meta) check parameters
[2.117s] Level 1:colcon.colcon_core.package_discovery:discover_packages(recursive) check parameters
[2.118s] Level 1:colcon.colcon_core.package_discovery:discover_packages(ignore) check parameters
[2.118s] Level 1:colcon.colcon_core.package_discovery:discover_packages(path) check parameters
[2.118s] Level 1:colcon.colcon_core.package_discovery:discover_packages(colcon_meta) discover
[2.120s] Level 1:colcon.colcon_core.package_discovery:discover_packages(recursive) discover
[2.120s] INFO:colcon.colcon_core.package_discovery:Crawling recursively for packages in '/home/agilex/va_ws'
[2.120s] Level 1:colcon.colcon_core.package_identification:_identify(.) by extensions ['ignore', 'ignore_ament_install']
[2.121s] Level 1:colcon.colcon_core.package_identification:_identify(.) by extension 'ignore'
[2.121s] Level 1:colcon.colcon_core.package_identification:_identify(.) by extension 'ignore_ament_install'
[2.121s] Level 1:colcon.colcon_core.package_identification:_identify(.) by extensions ['colcon_pkg']
[2.122s] Level 1:colcon.colcon_core.package_identification:_identify(.) by extension 'colcon_pkg'
[2.122s] Level 1:colcon.colcon_core.package_identification:_identify(.) by extensions ['colcon_meta']
[2.122s] Level 1:colcon.colcon_core.package_identification:_identify(.) by extension 'colcon_meta'
[2.122s] Level 1:colcon.colcon_core.package_identification:_identify(.) by extensions ['ros']
[2.122s] Level 1:colcon.colcon_core.package_identification:_identify(.) by extension 'ros'
[2.532s] Level 1:colcon.colcon_core.package_identification:_identify(.) by extensions ['cmake', 'python']
[2.532s] Level 1:colcon.colcon_core.package_identification:_identify(.) by extension 'cmake'
[2.533s] Level 1:colcon.colcon_core.package_identification:_identify(.) by extension 'python'
[2.533s] Level 1:colcon.colcon_core.package_identification:_identify(.) by extensions ['python_setup_py']
[2.533s] Level 1:colcon.colcon_core.package_identification:_identify(.) by extension 'python_setup_py'
[2.534s] Level 1:colcon.colcon_core.package_identification:_identify(build) by extensions ['ignore', 'ignore_ament_install']
[2.535s] Level 1:colcon.colcon_core.package_identification:_identify(build) by extension 'ignore'
[2.535s] Level 1:colcon.colcon_core.package_identification:_identify(build) ignored
[2.538s] Level 1:colcon.colcon_core.package_identification:_identify(install) by extensions ['ignore', 'ignore_ament_install']
[2.538s] Level 1:colcon.colcon_core.package_identification:_identify(install) by extension 'ignore'
[2.539s] Level 1:colcon.colcon_core.package_identification:_identify(install) ignored
[2.539s] Level 1:colcon.colcon_core.package_identification:_identify(log) by extensions ['ignore', 'ignore_ament_install']
[2.540s] Level 1:colcon.colcon_core.package_identification:_identify(log) by extension 'ignore'
[2.540s] Level 1:colcon.colcon_core.package_identification:_identify(log) ignored
[2.540s] Level 1:colcon.colcon_core.package_identification:_identify(src) by extensions ['ignore', 'ignore_ament_install']
[2.541s] Level 1:colcon.colcon_core.package_identification:_identify(src) by extension 'ignore'
[2.541s] Level 1:colcon.colcon_core.package_identification:_identify(src) by extension 'ignore_ament_install'
[2.542s] Level 1:colcon.colcon_core.package_identification:_identify(src) by extensions ['colcon_pkg']
[2.542s] Level 1:colcon.colcon_core.package_identification:_identify(src) by extension 'colcon_pkg'
[2.542s] Level 1:colcon.colcon_core.package_identification:_identify(src) by extensions ['colcon_meta']
[2.542s] Level 1:colcon.colcon_core.package_identification:_identify(src) by extension 'colcon_meta'
[2.542s] Level 1:colcon.colcon_core.package_identification:_identify(src) by extensions ['ros']
[2.543s] Level 1:colcon.colcon_core.package_identification:_identify(src) by extension 'ros'
[2.543s] Level 1:colcon.colcon_core.package_identification:_identify(src) by extensions ['cmake', 'python']
[2.543s] Level 1:colcon.colcon_core.package_identification:_identify(src) by extension 'cmake'
[2.544s] Level 1:colcon.colcon_core.package_identification:_identify(src) by extension 'python'
[2.544s] Level 1:colcon.colcon_core.package_identification:_identify(src) by extensions ['python_setup_py']
[2.544s] Level 1:colcon.colcon_core.package_identification:_identify(src) by extension 'python_setup_py'
[2.545s] Level 1:colcon.colcon_core.package_identification:_identify(src/va_controller) by extensions ['ignore', 'ignore_ament_install']
[2.545s] Level 1:colcon.colcon_core.package_identification:_identify(src/va_controller) by extension 'ignore'
[2.545s] Level 1:colcon.colcon_core.package_identification:_identify(src/va_controller) by extension 'ignore_ament_install'
[2.546s] Level 1:colcon.colcon_core.package_identification:_identify(src/va_controller) by extensions ['colcon_pkg']
[2.546s] Level 1:colcon.colcon_core.package_identification:_identify(src/va_controller) by extension 'colcon_pkg'
[2.546s] Level 1:colcon.colcon_core.package_identification:_identify(src/va_controller) by extensions ['colcon_meta']
[2.546s] Level 1:colcon.colcon_core.package_identification:_identify(src/va_controller) by extension 'colcon_meta'
[2.547s] Level 1:colcon.colcon_core.package_identification:_identify(src/va_controller) by extensions ['ros']
[2.547s] Level 1:colcon.colcon_core.package_identification:_identify(src/va_controller) by extension 'ros'
[2.563s] DEBUG:colcon.colcon_core.package_identification:Package 'src/va_controller' with type 'ros.ament_python' and name 'va_controller'
[2.564s] Level 1:colcon.colcon_core.package_discovery:discover_packages(recursive) using defaults
[2.565s] Level 1:colcon.colcon_core.package_discovery:discover_packages(ignore) discover
[2.565s] Level 1:colcon.colcon_core.package_discovery:discover_packages(ignore) using defaults
[2.565s] Level 1:colcon.colcon_core.package_discovery:discover_packages(path) discover
[2.565s] Level 1:colcon.colcon_core.package_discovery:discover_packages(path) using defaults
[2.686s] Level 1:colcon.colcon_core.package_discovery:discover_packages(prefix_path) check parameters
[2.686s] Level 1:colcon.colcon_core.package_discovery:discover_packages(prefix_path) discover
[2.706s] DEBUG:colcon.colcon_installed_package_information.package_discovery:Found 1 installed packages in /home/agilex/va_ws/install
[2.710s] DEBUG:colcon.colcon_installed_package_information.package_discovery:Found 6 installed packages in /home/agilex/agx_ws/install
[2.721s] DEBUG:colcon.colcon_installed_package_information.package_discovery:Found 282 installed packages in /opt/ros/eloquent
[2.734s] Level 1:colcon.colcon_core.package_discovery:discover_packages(prefix_path) using defaults
[3.246s] Level 5:colcon.colcon_core.verb:set package 'va_controller' build argument 'cmake_args' from command line to 'None'
[3.246s] Level 5:colcon.colcon_core.verb:set package 'va_controller' build argument 'cmake_target' from command line to 'None'
[3.247s] Level 5:colcon.colcon_core.verb:set package 'va_controller' build argument 'cmake_target_skip_unavailable' from command line to 'False'
[3.247s] Level 5:colcon.colcon_core.verb:set package 'va_controller' build argument 'cmake_clean_cache' from command line to 'False'
[3.247s] Level 5:colcon.colcon_core.verb:set package 'va_controller' build argument 'cmake_clean_first' from command line to 'False'
[3.247s] Level 5:colcon.colcon_core.verb:set package 'va_controller' build argument 'cmake_force_configure' from command line to 'False'
[3.247s] Level 5:colcon.colcon_core.verb:set package 'va_controller' build argument 'ament_cmake_args' from command line to 'None'
[3.248s] Level 5:colcon.colcon_core.verb:set package 'va_controller' build argument 'catkin_cmake_args' from command line to 'None'
[3.248s] Level 5:colcon.colcon_core.verb:set package 'va_controller' build argument 'catkin_skip_building_tests' from command line to 'False'
[3.248s] DEBUG:colcon.colcon_core.verb:Building package 'va_controller' with the following arguments: {'ament_cmake_args': None, 'build_base': '/home/agilex/va_ws/build/va_controller', 'catkin_cmake_args': None, 'catkin_skip_building_tests': False, 'cmake_args': None, 'cmake_clean_cache': False, 'cmake_clean_first': False, 'cmake_force_configure': False, 'cmake_target': None, 'cmake_target_skip_unavailable': False, 'install_base': '/home/agilex/va_ws/install/va_controller', 'merge_install': False, 'path': '/home/agilex/va_ws/src/va_controller', 'symlink_install': True, 'test_result_base': None}
[3.249s] INFO:colcon.colcon_core.executor:Executing jobs using 'parallel' executor
[3.253s] DEBUG:colcon.colcon_parallel_executor.executor.parallel:run_until_complete
[3.255s] INFO:colcon.colcon_ros.task.ament_python.build:Building ROS package in '/home/agilex/va_ws/src/va_controller' with build type 'ament_python'
[3.256s] Level 1:colcon.colcon_core.shell:create_environment_hook('va_controller', 'ament_prefix_path')
[3.283s] INFO:colcon.colcon_core.plugin_system:Skipping extension 'colcon_core.shell.bat': Not used on non-Windows systems
[3.285s] INFO:colcon.colcon_core.shell:Creating environment hook '/home/agilex/va_ws/install/va_controller/share/va_controller/hook/ament_prefix_path.ps1'
[3.290s] INFO:colcon.colcon_core.shell:Creating environment descriptor '/home/agilex/va_ws/install/va_controller/share/va_controller/hook/ament_prefix_path.dsv'
[3.294s] INFO:colcon.colcon_core.shell:Creating environment hook '/home/agilex/va_ws/install/va_controller/share/va_controller/hook/ament_prefix_path.sh'
[3.300s] INFO:colcon.colcon_core.shell:Skip shell extension 'powershell' for command environment: Not usable outside of PowerShell
[3.300s] DEBUG:colcon.colcon_core.shell:Skip shell extension 'dsv' for command environment
[5.071s] INFO:colcon.colcon_core.task.python.build:Building Python package in '/home/agilex/va_ws/src/va_controller'
[5.074s] INFO:colcon.colcon_core.shell:Skip shell extension 'powershell' for command environment: Not usable outside of PowerShell
[5.074s] DEBUG:colcon.colcon_core.shell:Skip shell extension 'dsv' for command environment
[7.635s] DEBUG:colcon.colcon_core.event_handler.log_command:Invoking command in '/home/agilex/va_ws/build/va_controller': PYTHONPATH=/home/agilex/va_ws/build/va_controller/prefix_override:/home/agilex/va_ws/install/va_controller/lib/python3.6/site-packages:${PYTHONPATH} /usr/bin/python3 setup.py develop --editable --build-directory /home/agilex/va_ws/build/va_controller/build --no-deps install_data
[10.592s] Level 1:colcon.colcon_core.shell:create_environment_hook('va_controller', 'pythonpath_develop')
[10.596s] INFO:colcon.colcon_core.shell:Creating environment hook '/home/agilex/va_ws/build/va_controller/share/va_controller/hook/pythonpath_develop.ps1'
[10.599s] DEBUG:colcon.colcon_core.event_handler.log_command:Invoked command in '/home/agilex/va_ws/build/va_controller' returned '0': PYTHONPATH=/home/agilex/va_ws/build/va_controller/prefix_override:/home/agilex/va_ws/install/va_controller/lib/python3.6/site-packages:${PYTHONPATH} /usr/bin/python3 setup.py develop --editable --build-directory /home/agilex/va_ws/build/va_controller/build --no-deps install_data
[10.601s] INFO:colcon.colcon_core.shell:Creating environment descriptor '/home/agilex/va_ws/build/va_controller/share/va_controller/hook/pythonpath_develop.dsv'
[10.602s] INFO:colcon.colcon_core.shell:Creating environment hook '/home/agilex/va_ws/build/va_controller/share/va_controller/hook/pythonpath_develop.sh'
[10.629s] Level 1:colcon.colcon_core.environment:checking '/home/agilex/va_ws/install/va_controller' for CMake module files
[10.632s] Level 1:colcon.colcon_core.environment:checking '/home/agilex/va_ws/install/va_controller' for CMake config files
[10.637s] Level 1:colcon.colcon_core.environment:checking '/home/agilex/va_ws/install/va_controller/lib'
[10.638s] Level 1:colcon.colcon_core.environment:checking '/home/agilex/va_ws/install/va_controller/bin'
[10.639s] Level 1:colcon.colcon_core.environment:checking '/home/agilex/va_ws/install/va_controller/lib/pkgconfig/va_controller.pc'
[10.640s] Level 1:colcon.colcon_core.environment:checking '/home/agilex/va_ws/install/va_controller/lib/python3.6/site-packages'
[10.640s] Level 1:colcon.colcon_core.shell:create_environment_hook('va_controller', 'pythonpath')
[10.642s] INFO:colcon.colcon_core.shell:Creating environment hook '/home/agilex/va_ws/install/va_controller/share/va_controller/hook/pythonpath.ps1'
[10.644s] INFO:colcon.colcon_core.shell:Creating environment descriptor '/home/agilex/va_ws/install/va_controller/share/va_controller/hook/pythonpath.dsv'
[10.646s] INFO:colcon.colcon_core.shell:Creating environment hook '/home/agilex/va_ws/install/va_controller/share/va_controller/hook/pythonpath.sh'
[10.649s] Level 1:colcon.colcon_core.environment:checking '/home/agilex/va_ws/install/va_controller/bin'
[10.649s] Level 1:colcon.colcon_core.environment:create_environment_scripts_only(va_controller)
[10.652s] INFO:colcon.colcon_core.shell:Creating package script '/home/agilex/va_ws/install/va_controller/share/va_controller/package.ps1'
[10.659s] INFO:colcon.colcon_core.shell:Creating package descriptor '/home/agilex/va_ws/install/va_controller/share/va_controller/package.dsv'
[10.666s] INFO:colcon.colcon_core.shell:Creating package script '/home/agilex/va_ws/install/va_controller/share/va_controller/package.sh'
[10.672s] INFO:colcon.colcon_core.shell:Creating package script '/home/agilex/va_ws/install/va_controller/share/va_controller/package.bash'
[10.678s] INFO:colcon.colcon_core.shell:Creating package script '/home/agilex/va_ws/install/va_controller/share/va_controller/package.zsh'
[10.683s] Level 1:colcon.colcon_core.environment:create_file_with_runtime_dependencies(/home/agilex/va_ws/install/va_controller/share/colcon-core/packages/va_controller)
[10.685s] DEBUG:colcon.colcon_parallel_executor.executor.parallel:closing loop
[10.688s] DEBUG:colcon.colcon_parallel_executor.executor.parallel:loop closed
[10.688s] DEBUG:colcon.colcon_parallel_executor.executor.parallel:run_until_complete finished with '0'
[10.688s] DEBUG:colcon.colcon_core.event_reactor:joining thread
[10.720s] INFO:colcon.colcon_core.plugin_system:Skipping extension 'colcon_notification.desktop_notification.terminal_notifier': Not used on non-Darwin systems
[10.720s] INFO:colcon.colcon_core.plugin_system:Skipping extension 'colcon_notification.desktop_notification.win32': Not used on non-Windows systems
[10.720s] INFO:colcon.colcon_notification.desktop_notification:Sending desktop notification using 'notify2'
[11.087s] DEBUG:colcon.colcon_core.event_reactor:joined thread
[11.089s] INFO:colcon.colcon_core.shell:Creating prefix script '/home/agilex/va_ws/install/local_setup.ps1'
[11.098s] INFO:colcon.colcon_core.shell:Creating prefix util module '/home/agilex/va_ws/install/_local_setup_util_ps1.py'
[11.110s] INFO:colcon.colcon_core.shell:Creating prefix chain script '/home/agilex/va_ws/install/setup.ps1'
[11.119s] INFO:colcon.colcon_core.shell:Creating prefix script '/home/agilex/va_ws/install/local_setup.sh'
[11.125s] INFO:colcon.colcon_core.shell:Creating prefix util module '/home/agilex/va_ws/install/_local_setup_util_sh.py'
[11.127s] INFO:colcon.colcon_core.shell:Creating prefix chain script '/home/agilex/va_ws/install/setup.sh'
[11.136s] INFO:colcon.colcon_core.shell:Creating prefix script '/home/agilex/va_ws/install/local_setup.bash'
[11.142s] INFO:colcon.colcon_core.shell:Creating prefix chain script '/home/agilex/va_ws/install/setup.bash'
[11.151s] INFO:colcon.colcon_core.shell:Creating prefix script '/home/agilex/va_ws/install/local_setup.zsh'
[11.155s] INFO:colcon.colcon_core.shell:Creating prefix chain script '/home/agilex/va_ws/install/setup.zsh'
