/home/agilex/va_ws/install/va_controller/lib/python3.6/site-packages/va_controller/Interface.py
/home/agilex/va_ws/install/va_controller/lib/python3.6/site-packages/va_controller/Navigation_Algo.py
/home/agilex/va_ws/install/va_controller/lib/python3.6/site-packages/va_controller/__init__.py
/home/agilex/va_ws/install/va_controller/lib/python3.6/site-packages/va_controller/Ros_turtlesim.py
/home/agilex/va_ws/install/va_controller/lib/python3.6/site-packages/va_controller/Capteurs_Actionneurs.py
/home/agilex/va_ws/install/va_controller/lib/python3.6/site-packages/va_controller/__pycache__/Interface.cpython-36.pyc
/home/agilex/va_ws/install/va_controller/lib/python3.6/site-packages/va_controller/__pycache__/Navigation_Algo.cpython-36.pyc
/home/agilex/va_ws/install/va_controller/lib/python3.6/site-packages/va_controller/__pycache__/__init__.cpython-36.pyc
/home/agilex/va_ws/install/va_controller/lib/python3.6/site-packages/va_controller/__pycache__/Ros_turtlesim.cpython-36.pyc
/home/agilex/va_ws/install/va_controller/lib/python3.6/site-packages/va_controller/__pycache__/Capteurs_Actionneurs.cpython-36.pyc
/home/agilex/va_ws/install/va_controller/share/ament_index/resource_index/packages/va_controller
/home/agilex/va_ws/install/va_controller/share/va_controller/package.xml
/home/agilex/va_ws/install/va_controller/lib/python3.6/site-packages/va_controller-0.0.0-py3.6.egg-info/SOURCES.txt
/home/agilex/va_ws/install/va_controller/lib/python3.6/site-packages/va_controller-0.0.0-py3.6.egg-info/PKG-INFO
/home/agilex/va_ws/install/va_controller/lib/python3.6/site-packages/va_controller-0.0.0-py3.6.egg-info/top_level.txt
/home/agilex/va_ws/install/va_controller/lib/python3.6/site-packages/va_controller-0.0.0-py3.6.egg-info/entry_points.txt
/home/agilex/va_ws/install/va_controller/lib/python3.6/site-packages/va_controller-0.0.0-py3.6.egg-info/requires.txt
/home/agilex/va_ws/install/va_controller/lib/python3.6/site-packages/va_controller-0.0.0-py3.6.egg-info/zip-safe
/home/agilex/va_ws/install/va_controller/lib/python3.6/site-packages/va_controller-0.0.0-py3.6.egg-info/dependency_links.txt
/home/agilex/va_ws/install/va_controller/lib/va_controller/mouvement
