[4.058s] Invoking command in '/home/agilex/va_ws/build/va_controller': PYTHONPATH=/home/agilex/va_ws/build/va_controller/prefix_override:/home/agilex/va_ws/install/va_controller/lib/python3.6/site-packages:${PYTHONPATH} /usr/bin/python3 setup.py develop --editable --build-directory /home/agilex/va_ws/build/va_controller/build --no-deps install_data
[5.446s] /home/agilex/.local/lib/python3.6/site-packages/setuptools/dist.py:726: UserWarning: Usage of dash-separated 'script-dir' will not be supported in future versions. Please use the underscore name 'script_dir' instead
[5.447s]   % (opt, underscore_opt)
[5.712s] running develop
[5.716s] /home/agilex/.local/lib/python3.6/site-packages/setuptools/command/easy_install.py:159: EasyInstallDeprecationWarning: easy_install command is deprecated. Use build and pip and other standards-based tools.
[5.716s]   EasyInstallDeprecationWarning,
[5.722s] /home/agilex/.local/lib/python3.6/site-packages/setuptools/command/install.py:37: SetuptoolsDeprecationWarning: setup.py install is deprecated. Use build and pip and other standards-based tools.
[5.723s]   setuptools.SetuptoolsDeprecationWarning,
[6.007s] /home/agilex/.local/lib/python3.6/site-packages/pkg_resources/__init__.py:119: PkgResourcesDeprecationWarning: 0.18ubuntu0.18.04.1 is an invalid version and will not be supported in a future release
[6.008s]   PkgResourcesDeprecationWarning,
[6.495s] running egg_info
[6.499s] writing va_controller.egg-info/PKG-INFO
[6.500s] writing dependency_links to va_controller.egg-info/dependency_links.txt
[6.501s] writing entry points to va_controller.egg-info/entry_points.txt
[6.501s] writing requirements to va_controller.egg-info/requires.txt
[6.502s] writing top-level names to va_controller.egg-info/top_level.txt
[6.505s] package init file 'va_controller/__init__.py' not found (or not a regular file)
[6.508s] reading manifest file 'va_controller.egg-info/SOURCES.txt'
[6.513s] writing manifest file 'va_controller.egg-info/SOURCES.txt'
[6.779s] running build_ext
[6.780s] Creating /home/agilex/va_ws/install/va_controller/lib/python3.6/site-packages/va-controller.egg-link (link to .)
[6.785s] Installing Sensor script to /home/agilex/va_ws/install/va_controller/lib/va_controller
[6.786s] Installing mouvement script to /home/agilex/va_ws/install/va_controller/lib/va_controller
[6.787s] 
[6.787s] Installed /home/agilex/va_ws/build/va_controller
[6.788s] running install_data
[6.936s] Invoked command in '/home/agilex/va_ws/build/va_controller' returned '0': PYTHONPATH=/home/agilex/va_ws/build/va_controller/prefix_override:/home/agilex/va_ws/install/va_controller/lib/python3.6/site-packages:${PYTHONPATH} /usr/bin/python3 setup.py develop --editable --build-directory /home/agilex/va_ws/build/va_controller/build --no-deps install_data
