/home/agilex/.local/lib/python3.6/site-packages/setuptools/dist.py:726: UserWarning: Usage of dash-separated 'script-dir' will not be supported in future versions. Please use the underscore name 'script_dir' instead
  % (opt, underscore_opt)
running egg_info
writing ../../build/va_controller/va_controller.egg-info/PKG-INFO
writing dependency_links to ../../build/va_controller/va_controller.egg-info/dependency_links.txt
writing entry points to ../../build/va_controller/va_controller.egg-info/entry_points.txt
writing requirements to ../../build/va_controller/va_controller.egg-info/requires.txt
writing top-level names to ../../build/va_controller/va_controller.egg-info/top_level.txt
package init file 'va_controller/__init__.py' not found (or not a regular file)
reading manifest file '../../build/va_controller/va_controller.egg-info/SOURCES.txt'
writing manifest file '../../build/va_controller/va_controller.egg-info/SOURCES.txt'
running build
running build_py
copying va_controller/control.py -> /home/agilex/va_ws/build/va_controller/build/lib/va_controller
running install
/home/agilex/.local/lib/python3.6/site-packages/setuptools/command/install.py:37: SetuptoolsDeprecationWarning: setup.py install is deprecated. Use build and pip and other standards-based tools.
  setuptools.SetuptoolsDeprecationWarning,
running install_lib
copying /home/agilex/va_ws/build/va_controller/build/lib/va_controller/control.py -> /home/agilex/va_ws/install/va_controller/lib/python3.6/site-packages/va_controller
byte-compiling /home/agilex/va_ws/install/va_controller/lib/python3.6/site-packages/va_controller/control.py to control.cpython-36.pyc
running install_data
copying package.xml -> /home/agilex/va_ws/install/va_controller/share/va_controller
running install_egg_info
removing '/home/agilex/va_ws/install/va_controller/lib/python3.6/site-packages/va_controller-0.0.0-py3.6.egg-info' (and everything under it)
Copying ../../build/va_controller/va_controller.egg-info to /home/agilex/va_ws/install/va_controller/lib/python3.6/site-packages/va_controller-0.0.0-py3.6.egg-info
running install_scripts
Installing mouvement script to /home/agilex/va_ws/install/va_controller/lib/va_controller
writing list of installed files to '/home/agilex/va_ws/build/va_controller/install.log'
