[4.275s] Invoking command in '/home/agilex/va_ws/src/va_controller': PYTHONPATH=/home/agilex/va_ws/build/va_controller/prefix_override:/home/agilex/va_ws/install/va_controller/lib/python3.6/site-packages:${PYTHONPATH} /usr/bin/python3 setup.py egg_info --egg-base ../../build/va_controller build --build-base /home/agilex/va_ws/build/va_controller/build install --record /home/agilex/va_ws/build/va_controller/install.log --install-scripts $base/lib/va_controller --single-version-externally-managed
[5.751s] /home/agilex/.local/lib/python3.6/site-packages/setuptools/dist.py:726: UserWarning: Usage of dash-separated 'script-dir' will not be supported in future versions. Please use the underscore name 'script_dir' instead
[5.752s]   % (opt, underscore_opt)
[5.925s] running egg_info
[5.928s] writing ../../build/va_controller/va_controller.egg-info/PKG-INFO
[5.930s] writing dependency_links to ../../build/va_controller/va_controller.egg-info/dependency_links.txt
[5.931s] writing entry points to ../../build/va_controller/va_controller.egg-info/entry_points.txt
[5.932s] writing requirements to ../../build/va_controller/va_controller.egg-info/requires.txt
[5.932s] writing top-level names to ../../build/va_controller/va_controller.egg-info/top_level.txt
[5.941s] reading manifest file '../../build/va_controller/va_controller.egg-info/SOURCES.txt'
[5.948s] writing manifest file '../../build/va_controller/va_controller.egg-info/SOURCES.txt'
[5.948s] running build
[5.949s] running build_py
[5.949s] copying va_controller/Interface.py -> /home/agilex/va_ws/build/va_controller/build/lib/va_controller
[5.950s] copying va_controller/control.py -> /home/agilex/va_ws/build/va_controller/build/lib/va_controller
[5.952s] running install
[5.953s] /home/agilex/.local/lib/python3.6/site-packages/setuptools/command/install.py:37: SetuptoolsDeprecationWarning: setup.py install is deprecated. Use build and pip and other standards-based tools.
[5.954s]   setuptools.SetuptoolsDeprecationWarning,
[5.955s] running install_lib
[5.962s] copying /home/agilex/va_ws/build/va_controller/build/lib/va_controller/Interface.py -> /home/agilex/va_ws/install/va_controller/lib/python3.6/site-packages/va_controller
[5.965s] copying /home/agilex/va_ws/build/va_controller/build/lib/va_controller/control.py -> /home/agilex/va_ws/install/va_controller/lib/python3.6/site-packages/va_controller
[5.966s] byte-compiling /home/agilex/va_ws/install/va_controller/lib/python3.6/site-packages/va_controller/Interface.py to Interface.cpython-36.pyc
[5.979s] byte-compiling /home/agilex/va_ws/install/va_controller/lib/python3.6/site-packages/va_controller/control.py to control.cpython-36.pyc
[5.982s] running install_data
[5.985s] running install_egg_info
[5.995s] removing '/home/agilex/va_ws/install/va_controller/lib/python3.6/site-packages/va_controller-0.0.0-py3.6.egg-info' (and everything under it)
[5.996s] Copying ../../build/va_controller/va_controller.egg-info to /home/agilex/va_ws/install/va_controller/lib/python3.6/site-packages/va_controller-0.0.0-py3.6.egg-info
[6.001s] running install_scripts
[6.084s] Installing mouvement script to /home/agilex/va_ws/install/va_controller/lib/va_controller
[6.086s] writing list of installed files to '/home/agilex/va_ws/build/va_controller/install.log'
[6.209s] Invoked command in '/home/agilex/va_ws/src/va_controller' returned '0': PYTHONPATH=/home/agilex/va_ws/build/va_controller/prefix_override:/home/agilex/va_ws/install/va_controller/lib/python3.6/site-packages:${PYTHONPATH} /usr/bin/python3 setup.py egg_info --egg-base ../../build/va_controller build --build-base /home/agilex/va_ws/build/va_controller/build install --record /home/agilex/va_ws/build/va_controller/install.log --install-scripts $base/lib/va_controller --single-version-externally-managed
