[4.357s] Invoking command in '/home/agilex/va_ws/src/va_controller': PYTHONPATH=/home/agilex/va_ws/build/va_controller/prefix_override:/home/agilex/va_ws/install/va_controller/lib/python3.6/site-packages:${PYTHONPATH} /usr/bin/python3 setup.py egg_info --egg-base ../../build/va_controller build --build-base /home/agilex/va_ws/build/va_controller/build install --record /home/agilex/va_ws/build/va_controller/install.log --install-scripts $base/lib/va_controller --single-version-externally-managed
[5.771s] /home/agilex/.local/lib/python3.6/site-packages/setuptools/dist.py:726: UserWarning: Usage of dash-separated 'script-dir' will not be supported in future versions. Please use the underscore name 'script_dir' instead
[5.772s]   % (opt, underscore_opt)
[5.976s] running egg_info
[5.980s] writing ../../build/va_controller/va_controller.egg-info/PKG-INFO
[5.982s] writing dependency_links to ../../build/va_controller/va_controller.egg-info/dependency_links.txt
[5.983s] writing entry points to ../../build/va_controller/va_controller.egg-info/entry_points.txt
[5.983s] writing requirements to ../../build/va_controller/va_controller.egg-info/requires.txt
[5.984s] writing top-level names to ../../build/va_controller/va_controller.egg-info/top_level.txt
[5.990s] package init file 'va_controller/__init__.py' not found (or not a regular file)
[5.993s] reading manifest file '../../build/va_controller/va_controller.egg-info/SOURCES.txt'
[6.003s] writing manifest file '../../build/va_controller/va_controller.egg-info/SOURCES.txt'
[6.004s] running build
[6.005s] running build_py
[6.006s] running install
[6.006s] /home/agilex/.local/lib/python3.6/site-packages/setuptools/command/install.py:37: SetuptoolsDeprecationWarning: setup.py install is deprecated. Use build and pip and other standards-based tools.
[6.007s]   setuptools.SetuptoolsDeprecationWarning,
[6.007s] running install_lib
[6.011s] running install_data
[6.014s] running install_egg_info
[6.021s] removing '/home/agilex/va_ws/install/va_controller/lib/python3.6/site-packages/va_controller-0.0.0-py3.6.egg-info' (and everything under it)
[6.023s] Copying ../../build/va_controller/va_controller.egg-info to /home/agilex/va_ws/install/va_controller/lib/python3.6/site-packages/va_controller-0.0.0-py3.6.egg-info
[6.028s] running install_scripts
[6.127s] Installing mouvement script to /home/agilex/va_ws/install/va_controller/lib/va_controller
[6.128s] writing list of installed files to '/home/agilex/va_ws/build/va_controller/install.log'
[6.252s] Invoked command in '/home/agilex/va_ws/src/va_controller' returned '0': PYTHONPATH=/home/agilex/va_ws/build/va_controller/prefix_override:/home/agilex/va_ws/install/va_controller/lib/python3.6/site-packages:${PYTHONPATH} /usr/bin/python3 setup.py egg_info --egg-base ../../build/va_controller build --build-base /home/agilex/va_ws/build/va_controller/build install --record /home/agilex/va_ws/build/va_controller/install.log --install-scripts $base/lib/va_controller --single-version-externally-managed
