[4.372s] Invoking command in '/home/agilex/va_ws/src/va_controller': PYTHONPATH=/home/agilex/va_ws/build/va_controller/prefix_override:/home/agilex/va_ws/install/va_controller/lib/python3.6/site-packages:${PYTHONPATH} /usr/bin/python3 setup.py egg_info --egg-base ../../build/va_controller build --build-base /home/agilex/va_ws/build/va_controller/build install --record /home/agilex/va_ws/build/va_controller/install.log --install-scripts $base/lib/va_controller --single-version-externally-managed
[5.906s] /home/agilex/.local/lib/python3.6/site-packages/setuptools/dist.py:726: UserWarning: Usage of dash-separated 'script-dir' will not be supported in future versions. Please use the underscore name 'script_dir' instead
[5.907s]   % (opt, underscore_opt)
[6.088s] running egg_info
[6.092s] writing ../../build/va_controller/va_controller.egg-info/PKG-INFO
[6.093s] writing dependency_links to ../../build/va_controller/va_controller.egg-info/dependency_links.txt
[6.094s] writing entry points to ../../build/va_controller/va_controller.egg-info/entry_points.txt
[6.094s] writing requirements to ../../build/va_controller/va_controller.egg-info/requires.txt
[6.095s] writing top-level names to ../../build/va_controller/va_controller.egg-info/top_level.txt
[6.102s] reading manifest file '../../build/va_controller/va_controller.egg-info/SOURCES.txt'
[6.109s] writing manifest file '../../build/va_controller/va_controller.egg-info/SOURCES.txt'
[6.109s] running build
[6.110s] running build_py
[6.111s] copying va_controller/control.py -> /home/agilex/va_ws/build/va_controller/build/lib/va_controller
[6.112s] running install
[6.113s] /home/agilex/.local/lib/python3.6/site-packages/setuptools/command/install.py:37: SetuptoolsDeprecationWarning: setup.py install is deprecated. Use build and pip and other standards-based tools.
[6.114s]   setuptools.SetuptoolsDeprecationWarning,
[6.115s] running install_lib
[6.121s] copying /home/agilex/va_ws/build/va_controller/build/lib/va_controller/control.py -> /home/agilex/va_ws/install/va_controller/lib/python3.6/site-packages/va_controller
[6.126s] byte-compiling /home/agilex/va_ws/install/va_controller/lib/python3.6/site-packages/va_controller/control.py to control.cpython-36.pyc
[6.128s] running install_data
[6.131s] running install_egg_info
[6.139s] removing '/home/agilex/va_ws/install/va_controller/lib/python3.6/site-packages/va_controller-0.0.0-py3.6.egg-info' (and everything under it)
[6.140s] Copying ../../build/va_controller/va_controller.egg-info to /home/agilex/va_ws/install/va_controller/lib/python3.6/site-packages/va_controller-0.0.0-py3.6.egg-info
[6.144s] running install_scripts
[6.234s] Installing mouvement script to /home/agilex/va_ws/install/va_controller/lib/va_controller
[6.236s] writing list of installed files to '/home/agilex/va_ws/build/va_controller/install.log'
[6.360s] Invoked command in '/home/agilex/va_ws/src/va_controller' returned '0': PYTHONPATH=/home/agilex/va_ws/build/va_controller/prefix_override:/home/agilex/va_ws/install/va_controller/lib/python3.6/site-packages:${PYTHONPATH} /usr/bin/python3 setup.py egg_info --egg-base ../../build/va_controller build --build-base /home/agilex/va_ws/build/va_controller/build install --record /home/agilex/va_ws/build/va_controller/install.log --install-scripts $base/lib/va_controller --single-version-externally-managed
