running egg_info
writing ../../build/va_controller/va_controller.egg-info/PKG-INFO
writing dependency_links to ../../build/va_controller/va_controller.egg-info/dependency_links.txt
writing entry points to ../../build/va_controller/va_controller.egg-info/entry_points.txt
writing requirements to ../../build/va_controller/va_controller.egg-info/requires.txt
writing top-level names to ../../build/va_controller/va_controller.egg-info/top_level.txt
reading manifest file '../../build/va_controller/va_controller.egg-info/SOURCES.txt'
writing manifest file '../../build/va_controller/va_controller.egg-info/SOURCES.txt'
running build
running build_py
copying va_controller/Interface.py -> /home/agilex/va_ws/build/va_controller/build/lib/va_controller
copying va_controller/Navigation_Algo.py -> /home/agilex/va_ws/build/va_controller/build/lib/va_controller
copying va_controller/Capteurs_Actionneurs.py -> /home/agilex/va_ws/build/va_controller/build/lib/va_controller
copying va_controller/control.py -> /home/agilex/va_ws/build/va_controller/build/lib/va_controller
running install
running install_lib
copying /home/agilex/va_ws/build/va_controller/build/lib/va_controller/Interface.py -> /home/agilex/va_ws/install/va_controller/lib/python3.6/site-packages/va_controller
copying /home/agilex/va_ws/build/va_controller/build/lib/va_controller/Navigation_Algo.py -> /home/agilex/va_ws/install/va_controller/lib/python3.6/site-packages/va_controller
copying /home/agilex/va_ws/build/va_controller/build/lib/va_controller/Capteurs_Actionneurs.py -> /home/agilex/va_ws/install/va_controller/lib/python3.6/site-packages/va_controller
copying /home/agilex/va_ws/build/va_controller/build/lib/va_controller/control.py -> /home/agilex/va_ws/install/va_controller/lib/python3.6/site-packages/va_controller
byte-compiling /home/agilex/va_ws/install/va_controller/lib/python3.6/site-packages/va_controller/Interface.py to Interface.cpython-36.pyc
byte-compiling /home/agilex/va_ws/install/va_controller/lib/python3.6/site-packages/va_controller/Navigation_Algo.py to Navigation_Algo.cpython-36.pyc
byte-compiling /home/agilex/va_ws/install/va_controller/lib/python3.6/site-packages/va_controller/Capteurs_Actionneurs.py to Capteurs_Actionneurs.cpython-36.pyc
byte-compiling /home/agilex/va_ws/install/va_controller/lib/python3.6/site-packages/va_controller/control.py to control.cpython-36.pyc
running install_data
running install_egg_info
removing '/home/agilex/va_ws/install/va_controller/lib/python3.6/site-packages/va_controller-0.0.0-py3.6.egg-info' (and everything under it)
Copying ../../build/va_controller/va_controller.egg-info to /home/agilex/va_ws/install/va_controller/lib/python3.6/site-packages/va_controller-0.0.0-py3.6.egg-info
running install_scripts
Installing mouvement script to /home/agilex/va_ws/install/va_controller/lib/va_controller
writing list of installed files to '/home/agilex/va_ws/build/va_controller/install.log'
