[4.339s] Invoking command in '/home/agilex/va_ws/src/va_controller': PYTHONPATH=/home/agilex/va_ws/build/va_controller/prefix_override:/home/agilex/va_ws/install/va_controller/lib/python3.6/site-packages:${PYTHONPATH} /usr/bin/python3 setup.py egg_info --egg-base ../../build/va_controller build --build-base /home/agilex/va_ws/build/va_controller/build install --record /home/agilex/va_ws/build/va_controller/install.log --install-scripts $base/lib/va_controller --single-version-externally-managed
[5.769s] /home/agilex/.local/lib/python3.6/site-packages/setuptools/dist.py:726: UserWarning: Usage of dash-separated 'script-dir' will not be supported in future versions. Please use the underscore name 'script_dir' instead
[5.770s]   % (opt, underscore_opt)
[5.952s] running egg_info
[5.956s] writing ../../build/va_controller/va_controller.egg-info/PKG-INFO
[5.957s] writing dependency_links to ../../build/va_controller/va_controller.egg-info/dependency_links.txt
[5.958s] writing entry points to ../../build/va_controller/va_controller.egg-info/entry_points.txt
[5.959s] writing requirements to ../../build/va_controller/va_controller.egg-info/requires.txt
[5.960s] writing top-level names to ../../build/va_controller/va_controller.egg-info/top_level.txt
[5.971s] reading manifest file '../../build/va_controller/va_controller.egg-info/SOURCES.txt'
[5.982s] writing manifest file '../../build/va_controller/va_controller.egg-info/SOURCES.txt'
[5.983s] running build
[5.984s] running build_py
[5.987s] copying va_controller/Interface.py -> /home/agilex/va_ws/build/va_controller/build/lib/va_controller
[5.989s] copying va_controller/Navigation_Algo.py -> /home/agilex/va_ws/build/va_controller/build/lib/va_controller
[5.990s] copying va_controller/Capteurs_Actionneurs.py -> /home/agilex/va_ws/build/va_controller/build/lib/va_controller
[5.990s] copying va_controller/control.py -> /home/agilex/va_ws/build/va_controller/build/lib/va_controller
[5.993s] running install
[5.994s] /home/agilex/.local/lib/python3.6/site-packages/setuptools/command/install.py:37: SetuptoolsDeprecationWarning: setup.py install is deprecated. Use build and pip and other standards-based tools.
[5.994s]   setuptools.SetuptoolsDeprecationWarning,
[5.995s] running install_lib
[5.998s] copying /home/agilex/va_ws/build/va_controller/build/lib/va_controller/Interface.py -> /home/agilex/va_ws/install/va_controller/lib/python3.6/site-packages/va_controller
[5.998s] copying /home/agilex/va_ws/build/va_controller/build/lib/va_controller/Navigation_Algo.py -> /home/agilex/va_ws/install/va_controller/lib/python3.6/site-packages/va_controller
[6.000s] copying /home/agilex/va_ws/build/va_controller/build/lib/va_controller/Capteurs_Actionneurs.py -> /home/agilex/va_ws/install/va_controller/lib/python3.6/site-packages/va_controller
[6.001s] copying /home/agilex/va_ws/build/va_controller/build/lib/va_controller/control.py -> /home/agilex/va_ws/install/va_controller/lib/python3.6/site-packages/va_controller
[6.004s] byte-compiling /home/agilex/va_ws/install/va_controller/lib/python3.6/site-packages/va_controller/Interface.py to Interface.cpython-36.pyc
[6.013s] byte-compiling /home/agilex/va_ws/install/va_controller/lib/python3.6/site-packages/va_controller/Navigation_Algo.py to Navigation_Algo.cpython-36.pyc
[6.015s] byte-compiling /home/agilex/va_ws/install/va_controller/lib/python3.6/site-packages/va_controller/Capteurs_Actionneurs.py to Capteurs_Actionneurs.cpython-36.pyc
[6.017s] byte-compiling /home/agilex/va_ws/install/va_controller/lib/python3.6/site-packages/va_controller/control.py to control.cpython-36.pyc
[6.019s] running install_data
[6.021s] running install_egg_info
[6.031s] removing '/home/agilex/va_ws/install/va_controller/lib/python3.6/site-packages/va_controller-0.0.0-py3.6.egg-info' (and everything under it)
[6.032s] Copying ../../build/va_controller/va_controller.egg-info to /home/agilex/va_ws/install/va_controller/lib/python3.6/site-packages/va_controller-0.0.0-py3.6.egg-info
[6.037s] running install_scripts
[6.123s] Installing mouvement script to /home/agilex/va_ws/install/va_controller/lib/va_controller
[6.125s] writing list of installed files to '/home/agilex/va_ws/build/va_controller/install.log'
[6.243s] Invoked command in '/home/agilex/va_ws/src/va_controller' returned '0': PYTHONPATH=/home/agilex/va_ws/build/va_controller/prefix_override:/home/agilex/va_ws/install/va_controller/lib/python3.6/site-packages:${PYTHONPATH} /usr/bin/python3 setup.py egg_info --egg-base ../../build/va_controller build --build-base /home/agilex/va_ws/build/va_controller/build install --record /home/agilex/va_ws/build/va_controller/install.log --install-scripts $base/lib/va_controller --single-version-externally-managed
