[1.655s] DEBUG:colcon:Command line arguments: ['/usr/bin/colcon', 'build']
[1.655s] DEBUG:colcon:Parsed command line arguments: Namespace(allow_overriding=[], ament_cmake_args=None, base_paths=['.'], build_base='build', catkin_cmake_args=None, catkin_skip_building_tests=False, cmake_args=None, cmake_clean_cache=False, cmake_clean_first=False, cmake_force_configure=False, cmake_target=None, cmake_target_skip_unavailable=False, continue_on_error=False, event_handlers=None, executor='parallel', ignore_user_meta=False, install_base='install', log_base=None, log_level=None, main=<bound method BuildVerb.main of <colcon_core.verb.build.BuildVerb object at 0x7faa5fdf60>>, merge_install=False, metas=['./colcon.meta'], packages_above=None, packages_above_and_dependencies=None, packages_above_depth=None, packages_end=None, packages_ignore=None, packages_ignore_regex=None, packages_select=None, packages_select_build_failed=False, packages_select_by_dep=None, packages_select_regex=None, packages_select_test_failures=False, packages_skip=None, packages_skip_build_finished=False, packages_skip_by_dep=None, packages_skip_regex=None, packages_skip_test_passed=False, packages_skip_up_to=None, packages_start=None, packages_up_to=None, packages_up_to_regex=None, parallel_workers=4, paths=None, symlink_install=False, test_result_base=None, verb_extension=<colcon_core.verb.build.BuildVerb object at 0x7faa5fdf60>, verb_name='build', verb_parser=<colcon_defaults.argument_parser.defaults.DefaultArgumentsDecorator object at 0x7faa4b6978>)
[1.798s] Level 1:colcon.colcon_core.package_discovery:discover_packages(colcon_meta) check parameters
[1.799s] Level 1:colcon.colcon_core.package_discovery:discover_packages(recursive) check parameters
[1.799s] Level 1:colcon.colcon_core.package_discovery:discover_packages(ignore) check parameters
[1.799s] Level 1:colcon.colcon_core.package_discovery:discover_packages(path) check parameters
[1.799s] Level 1:colcon.colcon_core.package_discovery:discover_packages(colcon_meta) discover
[1.801s] Level 1:colcon.colcon_core.package_discovery:discover_packages(recursive) discover
[1.801s] INFO:colcon.colcon_core.package_discovery:Crawling recursively for packages in '/home/agilex/va_ws'
[1.801s] Level 1:colcon.colcon_core.package_identification:_identify(.) by extensions ['ignore', 'ignore_ament_install']
[1.802s] Level 1:colcon.colcon_core.package_identification:_identify(.) by extension 'ignore'
[1.802s] Level 1:colcon.colcon_core.package_identification:_identify(.) by extension 'ignore_ament_install'
[1.802s] Level 1:colcon.colcon_core.package_identification:_identify(.) by extensions ['colcon_pkg']
[1.803s] Level 1:colcon.colcon_core.package_identification:_identify(.) by extension 'colcon_pkg'
[1.803s] Level 1:colcon.colcon_core.package_identification:_identify(.) by extensions ['colcon_meta']
[1.803s] Level 1:colcon.colcon_core.package_identification:_identify(.) by extension 'colcon_meta'
[1.803s] Level 1:colcon.colcon_core.package_identification:_identify(.) by extensions ['ros']
[1.803s] Level 1:colcon.colcon_core.package_identification:_identify(.) by extension 'ros'
[2.206s] Level 1:colcon.colcon_core.package_identification:_identify(.) by extensions ['cmake', 'python']
[2.207s] Level 1:colcon.colcon_core.package_identification:_identify(.) by extension 'cmake'
[2.207s] Level 1:colcon.colcon_core.package_identification:_identify(.) by extension 'python'
[2.207s] Level 1:colcon.colcon_core.package_identification:_identify(.) by extensions ['python_setup_py']
[2.207s] Level 1:colcon.colcon_core.package_identification:_identify(.) by extension 'python_setup_py'
[2.208s] Level 1:colcon.colcon_core.package_identification:_identify(build) by extensions ['ignore', 'ignore_ament_install']
[2.209s] Level 1:colcon.colcon_core.package_identification:_identify(build) by extension 'ignore'
[2.209s] Level 1:colcon.colcon_core.package_identification:_identify(build) ignored
[2.211s] Level 1:colcon.colcon_core.package_identification:_identify(install) by extensions ['ignore', 'ignore_ament_install']
[2.211s] Level 1:colcon.colcon_core.package_identification:_identify(install) by extension 'ignore'
[2.211s] Level 1:colcon.colcon_core.package_identification:_identify(install) ignored
[2.212s] Level 1:colcon.colcon_core.package_identification:_identify(log) by extensions ['ignore', 'ignore_ament_install']
[2.212s] Level 1:colcon.colcon_core.package_identification:_identify(log) by extension 'ignore'
[2.213s] Level 1:colcon.colcon_core.package_identification:_identify(log) ignored
[2.213s] Level 1:colcon.colcon_core.package_identification:_identify(src) by extensions ['ignore', 'ignore_ament_install']
[2.213s] Level 1:colcon.colcon_core.package_identification:_identify(src) by extension 'ignore'
[2.214s] Level 1:colcon.colcon_core.package_identification:_identify(src) by extension 'ignore_ament_install'
[2.214s] Level 1:colcon.colcon_core.package_identification:_identify(src) by extensions ['colcon_pkg']
[2.214s] Level 1:colcon.colcon_core.package_identification:_identify(src) by extension 'colcon_pkg'
[2.214s] Level 1:colcon.colcon_core.package_identification:_identify(src) by extensions ['colcon_meta']
[2.215s] Level 1:colcon.colcon_core.package_identification:_identify(src) by extension 'colcon_meta'
[2.215s] Level 1:colcon.colcon_core.package_identification:_identify(src) by extensions ['ros']
[2.215s] Level 1:colcon.colcon_core.package_identification:_identify(src) by extension 'ros'
[2.216s] Level 1:colcon.colcon_core.package_identification:_identify(src) by extensions ['cmake', 'python']
[2.216s] Level 1:colcon.colcon_core.package_identification:_identify(src) by extension 'cmake'
[2.216s] Level 1:colcon.colcon_core.package_identification:_identify(src) by extension 'python'
[2.216s] Level 1:colcon.colcon_core.package_identification:_identify(src) by extensions ['python_setup_py']
[2.216s] Level 1:colcon.colcon_core.package_identification:_identify(src) by extension 'python_setup_py'
[2.217s] Level 1:colcon.colcon_core.package_identification:_identify(src/va_controller) by extensions ['ignore', 'ignore_ament_install']
[2.217s] Level 1:colcon.colcon_core.package_identification:_identify(src/va_controller) by extension 'ignore'
[2.218s] Level 1:colcon.colcon_core.package_identification:_identify(src/va_controller) by extension 'ignore_ament_install'
[2.218s] Level 1:colcon.colcon_core.package_identification:_identify(src/va_controller) by extensions ['colcon_pkg']
[2.218s] Level 1:colcon.colcon_core.package_identification:_identify(src/va_controller) by extension 'colcon_pkg'
[2.218s] Level 1:colcon.colcon_core.package_identification:_identify(src/va_controller) by extensions ['colcon_meta']
[2.219s] Level 1:colcon.colcon_core.package_identification:_identify(src/va_controller) by extension 'colcon_meta'
[2.219s] Level 1:colcon.colcon_core.package_identification:_identify(src/va_controller) by extensions ['ros']
[2.219s] Level 1:colcon.colcon_core.package_identification:_identify(src/va_controller) by extension 'ros'
[2.232s] DEBUG:colcon.colcon_core.package_identification:Package 'src/va_controller' with type 'ros.ament_python' and name 'va_controller'
[2.233s] Level 1:colcon.colcon_core.package_discovery:discover_packages(recursive) using defaults
[2.234s] Level 1:colcon.colcon_core.package_discovery:discover_packages(ignore) discover
[2.235s] Level 1:colcon.colcon_core.package_discovery:discover_packages(ignore) using defaults
[2.235s] Level 1:colcon.colcon_core.package_discovery:discover_packages(path) discover
[2.235s] Level 1:colcon.colcon_core.package_discovery:discover_packages(path) using defaults
[2.333s] Level 1:colcon.colcon_core.package_discovery:discover_packages(prefix_path) check parameters
[2.334s] Level 1:colcon.colcon_core.package_discovery:discover_packages(prefix_path) discover
[2.348s] DEBUG:colcon.colcon_installed_package_information.package_discovery:Found 1 installed packages in /home/agilex/va_ws/install
[2.351s] DEBUG:colcon.colcon_installed_package_information.package_discovery:Found 6 installed packages in /home/agilex/agx_ws/install
[2.361s] DEBUG:colcon.colcon_installed_package_information.package_discovery:Found 282 installed packages in /opt/ros/eloquent
[2.374s] Level 1:colcon.colcon_core.package_discovery:discover_packages(prefix_path) using defaults
[2.804s] Level 5:colcon.colcon_core.verb:set package 'va_controller' build argument 'cmake_args' from command line to 'None'
[2.804s] Level 5:colcon.colcon_core.verb:set package 'va_controller' build argument 'cmake_target' from command line to 'None'
[2.804s] Level 5:colcon.colcon_core.verb:set package 'va_controller' build argument 'cmake_target_skip_unavailable' from command line to 'False'
[2.805s] Level 5:colcon.colcon_core.verb:set package 'va_controller' build argument 'cmake_clean_cache' from command line to 'False'
[2.805s] Level 5:colcon.colcon_core.verb:set package 'va_controller' build argument 'cmake_clean_first' from command line to 'False'
[2.805s] Level 5:colcon.colcon_core.verb:set package 'va_controller' build argument 'cmake_force_configure' from command line to 'False'
[2.805s] Level 5:colcon.colcon_core.verb:set package 'va_controller' build argument 'ament_cmake_args' from command line to 'None'
[2.805s] Level 5:colcon.colcon_core.verb:set package 'va_controller' build argument 'catkin_cmake_args' from command line to 'None'
[2.805s] Level 5:colcon.colcon_core.verb:set package 'va_controller' build argument 'catkin_skip_building_tests' from command line to 'False'
[2.806s] DEBUG:colcon.colcon_core.verb:Building package 'va_controller' with the following arguments: {'ament_cmake_args': None, 'build_base': '/home/agilex/va_ws/build/va_controller', 'catkin_cmake_args': None, 'catkin_skip_building_tests': False, 'cmake_args': None, 'cmake_clean_cache': False, 'cmake_clean_first': False, 'cmake_force_configure': False, 'cmake_target': None, 'cmake_target_skip_unavailable': False, 'install_base': '/home/agilex/va_ws/install/va_controller', 'merge_install': False, 'path': '/home/agilex/va_ws/src/va_controller', 'symlink_install': False, 'test_result_base': None}
[2.807s] INFO:colcon.colcon_core.executor:Executing jobs using 'parallel' executor
[2.811s] DEBUG:colcon.colcon_parallel_executor.executor.parallel:run_until_complete
[2.811s] INFO:colcon.colcon_ros.task.ament_python.build:Building ROS package in '/home/agilex/va_ws/src/va_controller' with build type 'ament_python'
[2.812s] Level 1:colcon.colcon_core.shell:create_environment_hook('va_controller', 'ament_prefix_path')
[2.823s] INFO:colcon.colcon_core.plugin_system:Skipping extension 'colcon_core.shell.bat': Not used on non-Windows systems
[2.824s] INFO:colcon.colcon_core.shell:Creating environment hook '/home/agilex/va_ws/install/va_controller/share/va_controller/hook/ament_prefix_path.ps1'
[2.828s] INFO:colcon.colcon_core.shell:Creating environment descriptor '/home/agilex/va_ws/install/va_controller/share/va_controller/hook/ament_prefix_path.dsv'
[2.831s] INFO:colcon.colcon_core.shell:Creating environment hook '/home/agilex/va_ws/install/va_controller/share/va_controller/hook/ament_prefix_path.sh'
[2.837s] INFO:colcon.colcon_core.shell:Skip shell extension 'powershell' for command environment: Not usable outside of PowerShell
[2.838s] DEBUG:colcon.colcon_core.shell:Skip shell extension 'dsv' for command environment
[4.601s] INFO:colcon.colcon_core.task.python.build:Building Python package in '/home/agilex/va_ws/src/va_controller'
[4.603s] INFO:colcon.colcon_core.shell:Skip shell extension 'powershell' for command environment: Not usable outside of PowerShell
[4.604s] DEBUG:colcon.colcon_core.shell:Skip shell extension 'dsv' for command environment
[6.981s] DEBUG:colcon.colcon_core.event_handler.log_command:Invoking command in '/home/agilex/va_ws/src/va_controller': PYTHONPATH=/home/agilex/va_ws/build/va_controller/prefix_override:/home/agilex/va_ws/install/va_controller/lib/python3.6/site-packages:${PYTHONPATH} /usr/bin/python3 setup.py egg_info --egg-base ../../build/va_controller build --build-base /home/agilex/va_ws/build/va_controller/build install --record /home/agilex/va_ws/build/va_controller/install.log --install-scripts $base/lib/va_controller --single-version-externally-managed
[8.819s] DEBUG:colcon.colcon_core.event_handler.log_command:Invoked command in '/home/agilex/va_ws/src/va_controller' returned '0': PYTHONPATH=/home/agilex/va_ws/build/va_controller/prefix_override:/home/agilex/va_ws/install/va_controller/lib/python3.6/site-packages:${PYTHONPATH} /usr/bin/python3 setup.py egg_info --egg-base ../../build/va_controller build --build-base /home/agilex/va_ws/build/va_controller/build install --record /home/agilex/va_ws/build/va_controller/install.log --install-scripts $base/lib/va_controller --single-version-externally-managed
[8.825s] Level 1:colcon.colcon_core.environment:checking '/home/agilex/va_ws/install/va_controller' for CMake module files
[8.828s] Level 1:colcon.colcon_core.environment:checking '/home/agilex/va_ws/install/va_controller' for CMake config files
[8.833s] Level 1:colcon.colcon_core.environment:checking '/home/agilex/va_ws/install/va_controller/lib'
[8.834s] Level 1:colcon.colcon_core.environment:checking '/home/agilex/va_ws/install/va_controller/bin'
[8.835s] Level 1:colcon.colcon_core.environment:checking '/home/agilex/va_ws/install/va_controller/lib/pkgconfig/va_controller.pc'
[8.835s] Level 1:colcon.colcon_core.environment:checking '/home/agilex/va_ws/install/va_controller/lib/python3.6/site-packages'
[8.836s] Level 1:colcon.colcon_core.shell:create_environment_hook('va_controller', 'pythonpath')
[8.838s] INFO:colcon.colcon_core.shell:Creating environment hook '/home/agilex/va_ws/install/va_controller/share/va_controller/hook/pythonpath.ps1'
[8.840s] INFO:colcon.colcon_core.shell:Creating environment descriptor '/home/agilex/va_ws/install/va_controller/share/va_controller/hook/pythonpath.dsv'
[8.841s] INFO:colcon.colcon_core.shell:Creating environment hook '/home/agilex/va_ws/install/va_controller/share/va_controller/hook/pythonpath.sh'
[8.843s] Level 1:colcon.colcon_core.environment:checking '/home/agilex/va_ws/install/va_controller/bin'
[8.843s] Level 1:colcon.colcon_core.environment:create_environment_scripts_only(va_controller)
[8.846s] INFO:colcon.colcon_core.shell:Creating package script '/home/agilex/va_ws/install/va_controller/share/va_controller/package.ps1'
[8.852s] INFO:colcon.colcon_core.shell:Creating package descriptor '/home/agilex/va_ws/install/va_controller/share/va_controller/package.dsv'
[8.856s] INFO:colcon.colcon_core.shell:Creating package script '/home/agilex/va_ws/install/va_controller/share/va_controller/package.sh'
[8.862s] INFO:colcon.colcon_core.shell:Creating package script '/home/agilex/va_ws/install/va_controller/share/va_controller/package.bash'
[8.872s] INFO:colcon.colcon_core.shell:Creating package script '/home/agilex/va_ws/install/va_controller/share/va_controller/package.zsh'
[8.876s] Level 1:colcon.colcon_core.environment:create_file_with_runtime_dependencies(/home/agilex/va_ws/install/va_controller/share/colcon-core/packages/va_controller)
[8.878s] DEBUG:colcon.colcon_parallel_executor.executor.parallel:closing loop
[8.880s] DEBUG:colcon.colcon_parallel_executor.executor.parallel:loop closed
[8.880s] DEBUG:colcon.colcon_parallel_executor.executor.parallel:run_until_complete finished with '0'
[8.881s] DEBUG:colcon.colcon_core.event_reactor:joining thread
[8.904s] INFO:colcon.colcon_core.plugin_system:Skipping extension 'colcon_notification.desktop_notification.terminal_notifier': Not used on non-Darwin systems
[8.905s] INFO:colcon.colcon_core.plugin_system:Skipping extension 'colcon_notification.desktop_notification.win32': Not used on non-Windows systems
[8.905s] INFO:colcon.colcon_notification.desktop_notification:Sending desktop notification using 'notify2'
[9.027s] DEBUG:colcon.colcon_core.event_reactor:joined thread
[9.029s] INFO:colcon.colcon_core.shell:Creating prefix script '/home/agilex/va_ws/install/local_setup.ps1'
[9.035s] INFO:colcon.colcon_core.shell:Creating prefix util module '/home/agilex/va_ws/install/_local_setup_util_ps1.py'
[9.046s] INFO:colcon.colcon_core.shell:Creating prefix chain script '/home/agilex/va_ws/install/setup.ps1'
[9.056s] INFO:colcon.colcon_core.shell:Creating prefix script '/home/agilex/va_ws/install/local_setup.sh'
[9.060s] INFO:colcon.colcon_core.shell:Creating prefix util module '/home/agilex/va_ws/install/_local_setup_util_sh.py'
[9.063s] INFO:colcon.colcon_core.shell:Creating prefix chain script '/home/agilex/va_ws/install/setup.sh'
[9.072s] INFO:colcon.colcon_core.shell:Creating prefix script '/home/agilex/va_ws/install/local_setup.bash'
[9.075s] INFO:colcon.colcon_core.shell:Creating prefix chain script '/home/agilex/va_ws/install/setup.bash'
[9.084s] INFO:colcon.colcon_core.shell:Creating prefix script '/home/agilex/va_ws/install/local_setup.zsh'
[9.087s] INFO:colcon.colcon_core.shell:Creating prefix chain script '/home/agilex/va_ws/install/setup.zsh'
