[1.627s] DEBUG:colcon:Command line arguments: ['/usr/bin/colcon', 'build', '--symlink-install']
[1.628s] DEBUG:colcon:Parsed command line arguments: Namespace(allow_overriding=[], ament_cmake_args=None, base_paths=['.'], build_base='build', catkin_cmake_args=None, catkin_skip_building_tests=False, cmake_args=None, cmake_clean_cache=False, cmake_clean_first=False, cmake_force_configure=False, cmake_target=None, cmake_target_skip_unavailable=False, continue_on_error=False, event_handlers=None, executor='parallel', ignore_user_meta=False, install_base='install', log_base=None, log_level=None, main=<bound method BuildVerb.main of <colcon_core.verb.build.BuildVerb object at 0x7f9bda4a90>>, merge_install=False, metas=['./colcon.meta'], packages_above=None, packages_above_and_dependencies=None, packages_above_depth=None, packages_end=None, packages_ignore=None, packages_ignore_regex=None, packages_select=None, packages_select_build_failed=False, packages_select_by_dep=None, packages_select_regex=None, packages_select_test_failures=False, packages_skip=None, packages_skip_build_finished=False, packages_skip_by_dep=None, packages_skip_regex=None, packages_skip_test_passed=False, packages_skip_up_to=None, packages_start=None, packages_up_to=None, packages_up_to_regex=None, parallel_workers=4, paths=None, symlink_install=True, test_result_base=None, verb_extension=<colcon_core.verb.build.BuildVerb object at 0x7f9bda4a90>, verb_name='build', verb_parser=<colcon_defaults.argument_parser.defaults.DefaultArgumentsDecorator object at 0x7f9bbdd4a8>)
[1.730s] Level 1:colcon.colcon_core.package_discovery:discover_packages(colcon_meta) check parameters
[1.731s] Level 1:colcon.colcon_core.package_discovery:discover_packages(recursive) check parameters
[1.731s] Level 1:colcon.colcon_core.package_discovery:discover_packages(ignore) check parameters
[1.731s] Level 1:colcon.colcon_core.package_discovery:discover_packages(path) check parameters
[1.731s] Level 1:colcon.colcon_core.package_discovery:discover_packages(colcon_meta) discover
[1.733s] Level 1:colcon.colcon_core.package_discovery:discover_packages(recursive) discover
[1.733s] INFO:colcon.colcon_core.package_discovery:Crawling recursively for packages in '/home/agilex/va_ws'
[1.734s] Level 1:colcon.colcon_core.package_identification:_identify(.) by extensions ['ignore', 'ignore_ament_install']
[1.734s] Level 1:colcon.colcon_core.package_identification:_identify(.) by extension 'ignore'
[1.735s] Level 1:colcon.colcon_core.package_identification:_identify(.) by extension 'ignore_ament_install'
[1.735s] Level 1:colcon.colcon_core.package_identification:_identify(.) by extensions ['colcon_pkg']
[1.735s] Level 1:colcon.colcon_core.package_identification:_identify(.) by extension 'colcon_pkg'
[1.736s] Level 1:colcon.colcon_core.package_identification:_identify(.) by extensions ['colcon_meta']
[1.736s] Level 1:colcon.colcon_core.package_identification:_identify(.) by extension 'colcon_meta'
[1.736s] Level 1:colcon.colcon_core.package_identification:_identify(.) by extensions ['ros']
[1.736s] Level 1:colcon.colcon_core.package_identification:_identify(.) by extension 'ros'
[2.190s] Level 1:colcon.colcon_core.package_identification:_identify(.) by extensions ['cmake', 'python']
[2.191s] Level 1:colcon.colcon_core.package_identification:_identify(.) by extension 'cmake'
[2.191s] Level 1:colcon.colcon_core.package_identification:_identify(.) by extension 'python'
[2.191s] Level 1:colcon.colcon_core.package_identification:_identify(.) by extensions ['python_setup_py']
[2.192s] Level 1:colcon.colcon_core.package_identification:_identify(.) by extension 'python_setup_py'
[2.192s] Level 1:colcon.colcon_core.package_identification:_identify(build) by extensions ['ignore', 'ignore_ament_install']
[2.193s] Level 1:colcon.colcon_core.package_identification:_identify(build) by extension 'ignore'
[2.193s] Level 1:colcon.colcon_core.package_identification:_identify(build) ignored
[2.195s] Level 1:colcon.colcon_core.package_identification:_identify(install) by extensions ['ignore', 'ignore_ament_install']
[2.195s] Level 1:colcon.colcon_core.package_identification:_identify(install) by extension 'ignore'
[2.196s] Level 1:colcon.colcon_core.package_identification:_identify(install) ignored
[2.196s] Level 1:colcon.colcon_core.package_identification:_identify(log) by extensions ['ignore', 'ignore_ament_install']
[2.197s] Level 1:colcon.colcon_core.package_identification:_identify(log) by extension 'ignore'
[2.197s] Level 1:colcon.colcon_core.package_identification:_identify(log) ignored
[2.197s] Level 1:colcon.colcon_core.package_identification:_identify(src) by extensions ['ignore', 'ignore_ament_install']
[2.198s] Level 1:colcon.colcon_core.package_identification:_identify(src) by extension 'ignore'
[2.198s] Level 1:colcon.colcon_core.package_identification:_identify(src) by extension 'ignore_ament_install'
[2.198s] Level 1:colcon.colcon_core.package_identification:_identify(src) by extensions ['colcon_pkg']
[2.199s] Level 1:colcon.colcon_core.package_identification:_identify(src) by extension 'colcon_pkg'
[2.199s] Level 1:colcon.colcon_core.package_identification:_identify(src) by extensions ['colcon_meta']
[2.199s] Level 1:colcon.colcon_core.package_identification:_identify(src) by extension 'colcon_meta'
[2.199s] Level 1:colcon.colcon_core.package_identification:_identify(src) by extensions ['ros']
[2.199s] Level 1:colcon.colcon_core.package_identification:_identify(src) by extension 'ros'
[2.200s] Level 1:colcon.colcon_core.package_identification:_identify(src) by extensions ['cmake', 'python']
[2.200s] Level 1:colcon.colcon_core.package_identification:_identify(src) by extension 'cmake'
[2.200s] Level 1:colcon.colcon_core.package_identification:_identify(src) by extension 'python'
[2.200s] Level 1:colcon.colcon_core.package_identification:_identify(src) by extensions ['python_setup_py']
[2.201s] Level 1:colcon.colcon_core.package_identification:_identify(src) by extension 'python_setup_py'
[2.201s] Level 1:colcon.colcon_core.package_identification:_identify(src/va_controller) by extensions ['ignore', 'ignore_ament_install']
[2.202s] Level 1:colcon.colcon_core.package_identification:_identify(src/va_controller) by extension 'ignore'
[2.202s] Level 1:colcon.colcon_core.package_identification:_identify(src/va_controller) by extension 'ignore_ament_install'
[2.202s] Level 1:colcon.colcon_core.package_identification:_identify(src/va_controller) by extensions ['colcon_pkg']
[2.202s] Level 1:colcon.colcon_core.package_identification:_identify(src/va_controller) by extension 'colcon_pkg'
[2.203s] Level 1:colcon.colcon_core.package_identification:_identify(src/va_controller) by extensions ['colcon_meta']
[2.203s] Level 1:colcon.colcon_core.package_identification:_identify(src/va_controller) by extension 'colcon_meta'
[2.203s] Level 1:colcon.colcon_core.package_identification:_identify(src/va_controller) by extensions ['ros']
[2.203s] Level 1:colcon.colcon_core.package_identification:_identify(src/va_controller) by extension 'ros'
[2.216s] DEBUG:colcon.colcon_core.package_identification:Package 'src/va_controller' with type 'ros.ament_python' and name 'va_controller'
[2.216s] Level 1:colcon.colcon_core.package_discovery:discover_packages(recursive) using defaults
[2.217s] Level 1:colcon.colcon_core.package_discovery:discover_packages(ignore) discover
[2.217s] Level 1:colcon.colcon_core.package_discovery:discover_packages(ignore) using defaults
[2.217s] Level 1:colcon.colcon_core.package_discovery:discover_packages(path) discover
[2.218s] Level 1:colcon.colcon_core.package_discovery:discover_packages(path) using defaults
[2.319s] Level 1:colcon.colcon_core.package_discovery:discover_packages(prefix_path) check parameters
[2.319s] Level 1:colcon.colcon_core.package_discovery:discover_packages(prefix_path) discover
[2.330s] DEBUG:colcon.colcon_installed_package_information.package_discovery:Found 1 installed packages in /home/agilex/va_ws/install
[2.339s] DEBUG:colcon.colcon_installed_package_information.package_discovery:Found 227 installed packages in /opt/ros/eloquent
[2.350s] Level 1:colcon.colcon_core.package_discovery:discover_packages(prefix_path) using defaults
[2.730s] Level 5:colcon.colcon_core.verb:set package 'va_controller' build argument 'cmake_args' from command line to 'None'
[2.731s] Level 5:colcon.colcon_core.verb:set package 'va_controller' build argument 'cmake_target' from command line to 'None'
[2.731s] Level 5:colcon.colcon_core.verb:set package 'va_controller' build argument 'cmake_target_skip_unavailable' from command line to 'False'
[2.731s] Level 5:colcon.colcon_core.verb:set package 'va_controller' build argument 'cmake_clean_cache' from command line to 'False'
[2.731s] Level 5:colcon.colcon_core.verb:set package 'va_controller' build argument 'cmake_clean_first' from command line to 'False'
[2.732s] Level 5:colcon.colcon_core.verb:set package 'va_controller' build argument 'cmake_force_configure' from command line to 'False'
[2.732s] Level 5:colcon.colcon_core.verb:set package 'va_controller' build argument 'ament_cmake_args' from command line to 'None'
[2.732s] Level 5:colcon.colcon_core.verb:set package 'va_controller' build argument 'catkin_cmake_args' from command line to 'None'
[2.732s] Level 5:colcon.colcon_core.verb:set package 'va_controller' build argument 'catkin_skip_building_tests' from command line to 'False'
[2.732s] DEBUG:colcon.colcon_core.verb:Building package 'va_controller' with the following arguments: {'ament_cmake_args': None, 'build_base': '/home/agilex/va_ws/build/va_controller', 'catkin_cmake_args': None, 'catkin_skip_building_tests': False, 'cmake_args': None, 'cmake_clean_cache': False, 'cmake_clean_first': False, 'cmake_force_configure': False, 'cmake_target': None, 'cmake_target_skip_unavailable': False, 'install_base': '/home/agilex/va_ws/install/va_controller', 'merge_install': False, 'path': '/home/agilex/va_ws/src/va_controller', 'symlink_install': True, 'test_result_base': None}
[2.734s] INFO:colcon.colcon_core.executor:Executing jobs using 'parallel' executor
[2.738s] DEBUG:colcon.colcon_parallel_executor.executor.parallel:run_until_complete
[2.739s] INFO:colcon.colcon_ros.task.ament_python.build:Building ROS package in '/home/agilex/va_ws/src/va_controller' with build type 'ament_python'
[2.740s] Level 1:colcon.colcon_core.shell:create_environment_hook('va_controller', 'ament_prefix_path')
[2.749s] INFO:colcon.colcon_core.plugin_system:Skipping extension 'colcon_core.shell.bat': Not used on non-Windows systems
[2.751s] INFO:colcon.colcon_core.shell:Creating environment hook '/home/agilex/va_ws/install/va_controller/share/va_controller/hook/ament_prefix_path.ps1'
[2.755s] INFO:colcon.colcon_core.shell:Creating environment descriptor '/home/agilex/va_ws/install/va_controller/share/va_controller/hook/ament_prefix_path.dsv'
[2.757s] INFO:colcon.colcon_core.shell:Creating environment hook '/home/agilex/va_ws/install/va_controller/share/va_controller/hook/ament_prefix_path.sh'
[2.762s] INFO:colcon.colcon_core.shell:Skip shell extension 'powershell' for command environment: Not usable outside of PowerShell
[2.763s] DEBUG:colcon.colcon_core.shell:Skip shell extension 'dsv' for command environment
[4.555s] INFO:colcon.colcon_core.task.python.build:Building Python package in '/home/agilex/va_ws/src/va_controller'
[4.557s] INFO:colcon.colcon_core.shell:Skip shell extension 'powershell' for command environment: Not usable outside of PowerShell
[4.557s] DEBUG:colcon.colcon_core.shell:Skip shell extension 'dsv' for command environment
[6.938s] DEBUG:colcon.colcon_core.event_handler.log_command:Invoking command in '/home/agilex/va_ws/build/va_controller': PYTHONPATH=/home/agilex/va_ws/build/va_controller/prefix_override:/home/agilex/va_ws/install/va_controller/lib/python3.6/site-packages:${PYTHONPATH} /usr/bin/python3 setup.py develop --editable --build-directory /home/agilex/va_ws/build/va_controller/build --no-deps install_data
[9.790s] Level 1:colcon.colcon_core.shell:create_environment_hook('va_controller', 'pythonpath_develop')
[9.794s] INFO:colcon.colcon_core.shell:Creating environment hook '/home/agilex/va_ws/build/va_controller/share/va_controller/hook/pythonpath_develop.ps1'
[9.798s] DEBUG:colcon.colcon_core.event_handler.log_command:Invoked command in '/home/agilex/va_ws/build/va_controller' returned '0': PYTHONPATH=/home/agilex/va_ws/build/va_controller/prefix_override:/home/agilex/va_ws/install/va_controller/lib/python3.6/site-packages:${PYTHONPATH} /usr/bin/python3 setup.py develop --editable --build-directory /home/agilex/va_ws/build/va_controller/build --no-deps install_data
[9.803s] INFO:colcon.colcon_core.shell:Creating environment descriptor '/home/agilex/va_ws/build/va_controller/share/va_controller/hook/pythonpath_develop.dsv'
[9.807s] INFO:colcon.colcon_core.shell:Creating environment hook '/home/agilex/va_ws/build/va_controller/share/va_controller/hook/pythonpath_develop.sh'
[9.826s] Level 1:colcon.colcon_core.environment:checking '/home/agilex/va_ws/install/va_controller' for CMake module files
[9.829s] Level 1:colcon.colcon_core.environment:checking '/home/agilex/va_ws/install/va_controller' for CMake config files
[9.833s] Level 1:colcon.colcon_core.environment:checking '/home/agilex/va_ws/install/va_controller/lib'
[9.834s] Level 1:colcon.colcon_core.environment:checking '/home/agilex/va_ws/install/va_controller/bin'
[9.835s] Level 1:colcon.colcon_core.environment:checking '/home/agilex/va_ws/install/va_controller/lib/pkgconfig/va_controller.pc'
[9.835s] Level 1:colcon.colcon_core.environment:checking '/home/agilex/va_ws/install/va_controller/lib/python3.6/site-packages'
[9.836s] Level 1:colcon.colcon_core.shell:create_environment_hook('va_controller', 'pythonpath')
[9.837s] INFO:colcon.colcon_core.shell:Creating environment hook '/home/agilex/va_ws/install/va_controller/share/va_controller/hook/pythonpath.ps1'
[9.839s] INFO:colcon.colcon_core.shell:Creating environment descriptor '/home/agilex/va_ws/install/va_controller/share/va_controller/hook/pythonpath.dsv'
[9.841s] INFO:colcon.colcon_core.shell:Creating environment hook '/home/agilex/va_ws/install/va_controller/share/va_controller/hook/pythonpath.sh'
[9.843s] Level 1:colcon.colcon_core.environment:checking '/home/agilex/va_ws/install/va_controller/bin'
[9.844s] Level 1:colcon.colcon_core.environment:create_environment_scripts_only(va_controller)
[9.846s] INFO:colcon.colcon_core.shell:Creating package script '/home/agilex/va_ws/install/va_controller/share/va_controller/package.ps1'
[9.851s] INFO:colcon.colcon_core.shell:Creating package descriptor '/home/agilex/va_ws/install/va_controller/share/va_controller/package.dsv'
[9.856s] INFO:colcon.colcon_core.shell:Creating package script '/home/agilex/va_ws/install/va_controller/share/va_controller/package.sh'
[9.861s] INFO:colcon.colcon_core.shell:Creating package script '/home/agilex/va_ws/install/va_controller/share/va_controller/package.bash'
[9.867s] INFO:colcon.colcon_core.shell:Creating package script '/home/agilex/va_ws/install/va_controller/share/va_controller/package.zsh'
[9.871s] Level 1:colcon.colcon_core.environment:create_file_with_runtime_dependencies(/home/agilex/va_ws/install/va_controller/share/colcon-core/packages/va_controller)
[9.874s] DEBUG:colcon.colcon_parallel_executor.executor.parallel:closing loop
[9.875s] DEBUG:colcon.colcon_parallel_executor.executor.parallel:loop closed
[9.876s] DEBUG:colcon.colcon_parallel_executor.executor.parallel:run_until_complete finished with '0'
[9.876s] DEBUG:colcon.colcon_core.event_reactor:joining thread
[9.907s] INFO:colcon.colcon_core.plugin_system:Skipping extension 'colcon_notification.desktop_notification.terminal_notifier': Not used on non-Darwin systems
[9.908s] INFO:colcon.colcon_core.plugin_system:Skipping extension 'colcon_notification.desktop_notification.win32': Not used on non-Windows systems
[9.908s] INFO:colcon.colcon_notification.desktop_notification:Sending desktop notification using 'notify2'
[10.023s] DEBUG:colcon.colcon_core.event_reactor:joined thread
[10.025s] INFO:colcon.colcon_core.shell:Creating prefix script '/home/agilex/va_ws/install/local_setup.ps1'
[10.032s] INFO:colcon.colcon_core.shell:Creating prefix util module '/home/agilex/va_ws/install/_local_setup_util_ps1.py'
[10.044s] INFO:colcon.colcon_core.shell:Creating prefix chain script '/home/agilex/va_ws/install/setup.ps1'
[10.051s] INFO:colcon.colcon_core.shell:Creating prefix script '/home/agilex/va_ws/install/local_setup.sh'
[10.055s] INFO:colcon.colcon_core.shell:Creating prefix util module '/home/agilex/va_ws/install/_local_setup_util_sh.py'
[10.058s] INFO:colcon.colcon_core.shell:Creating prefix chain script '/home/agilex/va_ws/install/setup.sh'
[10.065s] INFO:colcon.colcon_core.shell:Creating prefix script '/home/agilex/va_ws/install/local_setup.bash'
[10.068s] INFO:colcon.colcon_core.shell:Creating prefix chain script '/home/agilex/va_ws/install/setup.bash'
[10.075s] INFO:colcon.colcon_core.shell:Creating prefix script '/home/agilex/va_ws/install/local_setup.zsh'
[10.079s] INFO:colcon.colcon_core.shell:Creating prefix chain script '/home/agilex/va_ws/install/setup.zsh'
