[4.197s] Invoking command in '/home/agilex/va_ws/build/va_controller': PYTHONPATH=/home/agilex/va_ws/build/va_controller/prefix_override:/home/agilex/va_ws/install/va_controller/lib/python3.6/site-packages:${PYTHONPATH} /usr/bin/python3 setup.py develop --editable --build-directory /home/agilex/va_ws/build/va_controller/build --no-deps install_data
[5.572s] /home/agilex/.local/lib/python3.6/site-packages/setuptools/dist.py:726: UserWarning: Usage of dash-separated 'script-dir' will not be supported in future versions. Please use the underscore name 'script_dir' instead
[5.572s]   % (opt, underscore_opt)
[5.839s] running develop
[5.841s] /home/agilex/.local/lib/python3.6/site-packages/setuptools/command/easy_install.py:159: EasyInstallDeprecationWarning: easy_install command is deprecated. Use build and pip and other standards-based tools.
[5.842s]   EasyInstallDeprecationWarning,
[5.847s] /home/agilex/.local/lib/python3.6/site-packages/setuptools/command/install.py:37: SetuptoolsDeprecationWarning: setup.py install is deprecated. Use build and pip and other standards-based tools.
[5.849s]   setuptools.SetuptoolsDeprecationWarning,
[6.128s] /home/agilex/.local/lib/python3.6/site-packages/pkg_resources/__init__.py:119: PkgResourcesDeprecationWarning: 0.18ubuntu0.18.04.1 is an invalid version and will not be supported in a future release
[6.129s]   PkgResourcesDeprecationWarning,
[6.622s] running egg_info
[6.623s] writing va_controller.egg-info/PKG-INFO
[6.624s] writing dependency_links to va_controller.egg-info/dependency_links.txt
[6.624s] writing entry points to va_controller.egg-info/entry_points.txt
[6.625s] writing requirements to va_controller.egg-info/requires.txt
[6.626s] writing top-level names to va_controller.egg-info/top_level.txt
[6.630s] package init file 'va_controller/__init__.py' not found (or not a regular file)
[6.633s] reading manifest file 'va_controller.egg-info/SOURCES.txt'
[6.638s] writing manifest file 'va_controller.egg-info/SOURCES.txt'
[6.902s] running build_ext
[6.903s] Creating /home/agilex/va_ws/install/va_controller/lib/python3.6/site-packages/va-controller.egg-link (link to .)
[6.907s] Installing Sensor script to /home/agilex/va_ws/install/va_controller/lib/va_controller
[6.908s] Installing mouvement script to /home/agilex/va_ws/install/va_controller/lib/va_controller
[6.909s] 
[6.909s] Installed /home/agilex/va_ws/build/va_controller
[6.910s] running install_data
[7.057s] Invoked command in '/home/agilex/va_ws/build/va_controller' returned '0': PYTHONPATH=/home/agilex/va_ws/build/va_controller/prefix_override:/home/agilex/va_ws/install/va_controller/lib/python3.6/site-packages:${PYTHONPATH} /usr/bin/python3 setup.py develop --editable --build-directory /home/agilex/va_ws/build/va_controller/build --no-deps install_data
